<?xml version="1.0" encoding="UTF-8"?>
<testsuite name="il.ac.technion.cs.softwaredesign.CourseTorrentStaffTest" tests="1" skipped="0" failures="0" errors="0" timestamp="2020-04-13T13:21:39" hostname="MacBook-Pro-4" time="0.055">
  <properties/>
  <testcase name="after load, infohash calculated correctly()" classname="il.ac.technion.cs.softwaredesign.CourseTorrentStaffTest" time="0.055"/>
  <system-out><![CDATA[]]></system-out>
  <system-err><![CDATA[]]></system-err>
</testsuite>
