<?xml version="1.0" encoding="UTF-8"?>
<testsuite name="il.ac.technion.cs.softwaredesign.TorrentAnalysisTest" tests="1" skipped="0" failures="0" errors="0" timestamp="2020-04-13T16:13:38" hostname="MacBook-Pro-4" time="0.062">
  <properties/>
  <testcase name="getInfoHash calculated correctly for debian()" classname="il.ac.technion.cs.softwaredesign.TorrentAnalysisTest" time="0.062"/>
  <system-out><![CDATA[]]></system-out>
  <system-err><![CDATA[]]></system-err>
</testsuite>
